<?xml version="1.0" encoding="UTF-8"?>
<!-- Generated by org.testng.reporters.JUnitReportReporter -->
<testsuite hostname="LAPTOP-0PKOEQOA" failures="0" tests="1" name="TestCases.TC_LoginTest" time="2.069" errors="0" timestamp="2025-04-17T22:48:28 IST" skipped="0">
  <testcase classname="TestCases.TC_LoginTest" name="LoginTest" time="2.069"/>
</testsuite> <!-- TestCases.TC_LoginTest -->
