<?xml version="1.0" encoding="UTF-8"?>
<!-- Generated by org.testng.reporters.JUnitReportReporter -->
<testsuite hostname="LAPTOP-0PKOEQOA" failures="0" tests="8" name="TestCases.TC_DataDrivenLoginTest" time="69.755" errors="0" timestamp="2025-04-14T18:02:18 IST" skipped="0">
  <testcase classname="TestCases.TC_DataDrivenLoginTest" name="DataDrivenLoginTest" time="10.922"/>
  <testcase classname="TestCases.TC_DataDrivenLoginTest" name="DataDrivenLoginTest" time="11.047"/>
  <testcase classname="TestCases.TC_DataDrivenLoginTest" name="DataDrivenLoginTest" time="1.578"/>
  <testcase classname="TestCases.TC_DataDrivenLoginTest" name="DataDrivenLoginTest" time="10.446"/>
  <testcase classname="TestCases.TC_DataDrivenLoginTest" name="DataDrivenLoginTest" time="10.551"/>
  <testcase classname="TestCases.TC_DataDrivenLoginTest" name="DataDrivenLoginTest" time="2.816"/>
  <testcase classname="TestCases.TC_DataDrivenLoginTest" name="DataDrivenLoginTest" time="11.239"/>
  <testcase classname="TestCases.TC_DataDrivenLoginTest" name="DataDrivenLoginTest" time="11.156"/>
</testsuite> <!-- TestCases.TC_DataDrivenLoginTest -->
