<?xml version="1.0" encoding="UTF-8"?>
<!-- Generated by org.testng.reporters.JUnitReportReporter -->
<testsuite hostname="LAPTOP-0PKOEQOA" failures="0" tests="1" name="TestBase.TC_AccountRegistrationTest" time="1.997" errors="0" timestamp="2025-04-13T20:14:46 IST" skipped="0">
  <testcase classname="TestBase.TC_AccountRegistrationTest" name="accountRegistrationTest" time="1.997"/>
</testsuite> <!-- TestBase.TC_AccountRegistrationTest -->
