<?xml version="1.0" encoding="UTF-8"?>
<!-- Generated by org.testng.reporters.JUnitReportReporter -->
<testsuite hostname="LAPTOP-0PKOEQOA" failures="0" tests="8" name="TestCases.TC_DataDrivenLoginTest" time="93.423" errors="0" timestamp="2025-04-18T14:42:00 IST" skipped="0">
  <testcase classname="TestCases.TC_DataDrivenLoginTest" name="DataDrivenLoginTest" time="4.869"/>
  <testcase classname="TestCases.TC_DataDrivenLoginTest" name="DataDrivenLoginTest" time="5.081"/>
  <testcase classname="TestCases.TC_DataDrivenLoginTest" name="DataDrivenLoginTest" time="13.612"/>
  <testcase classname="TestCases.TC_DataDrivenLoginTest" name="DataDrivenLoginTest" time="13.751"/>
  <testcase classname="TestCases.TC_DataDrivenLoginTest" name="DataDrivenLoginTest" time="14.256"/>
  <testcase classname="TestCases.TC_DataDrivenLoginTest" name="DataDrivenLoginTest" time="13.717"/>
  <testcase classname="TestCases.TC_DataDrivenLoginTest" name="DataDrivenLoginTest" time="13.928"/>
  <testcase classname="TestCases.TC_DataDrivenLoginTest" name="DataDrivenLoginTest" time="14.209"/>
</testsuite> <!-- TestCases.TC_DataDrivenLoginTest -->
