<?xml version="1.0" encoding="UTF-8"?>
<!-- Generated by org.testng.reporters.JUnitReportReporter -->
<testsuite hostname="LAPTOP-0PKOEQOA" failures="0" tests="1" name="TestCases.TC_AccountRegistrationTest" time="1.804" errors="0" timestamp="2025-04-18T14:42:00 IST" skipped="0">
  <testcase classname="TestCases.TC_AccountRegistrationTest" name="accountRegistrationTest" time="1.804"/>
</testsuite> <!-- TestCases.TC_AccountRegistrationTest -->
